<?xml version="1.0" encoding="UTF-8"?>
<testng-results ignored="0" total="1" passed="0" failed="1" skipped="0">
  <reporter-output>
  </reporter-output>
  <suite started-at="2019-09-01T00:12:27Z" name="Default suite" finished-at="2019-09-01T00:12:35Z" duration-ms="8641">
    <groups>
    </groups>
    <test started-at="2019-09-01T00:12:27Z" name="Default test" finished-at="2019-09-01T00:12:35Z" duration-ms="8641">
      <class name="com.facebook.www.scripts.VerifyErrorMsg">
        <test-method is-config="true" signature="oppenapplication()[pri:0, instance:com.facebook.www.scripts.VerifyErrorMsg@19d37183]" started-at="2019-09-01T00:12:27Z" name="oppenapplication" finished-at="2019-09-01T00:12:35Z" duration-ms="8471" status="PASS">
          <reporter-output>
          </reporter-output>
        </test-method> <!-- oppenapplication -->
        <test-method signature="verifyinvalidcredential()[pri:0, instance:com.facebook.www.scripts.VerifyErrorMsg@19d37183]" started-at="2019-09-01T00:12:35Z" name="verifyinvalidcredential" finished-at="2019-09-01T00:12:35Z" duration-ms="30" status="FAIL">
          <exception class="java.io.FileNotFoundException">
            <message>
              <![CDATA[C:\selenium testingestdata.xlsx (The filename, directory name, or volume label syntax is incorrect)]]>
            </message>
            <full-stacktrace>
              <![CDATA[java.io.FileNotFoundException: C:\selenium testingestdata.xlsx (The filename, directory name, or volume label syntax is incorrect)
at java.base/java.io.FileInputStream.open0(Native Method)
at java.base/java.io.FileInputStream.open(FileInputStream.java:213)
at java.base/java.io.FileInputStream.<init>(FileInputStream.java:155)
at utils.GenericMethods.getData(GenericMethods.java:17)
at com.facebook.www.scripts.VerifyErrorMsg.verifyinvalidcredential(VerifyErrorMsg.java:37)
at java.base/jdk.internal.reflect.NativeMethodAccessorImpl.invoke0(Native Method)
at java.base/jdk.internal.reflect.NativeMethodAccessorImpl.invoke(NativeMethodAccessorImpl.java:62)
at java.base/jdk.internal.reflect.DelegatingMethodAccessorImpl.invoke(DelegatingMethodAccessorImpl.java:43)
at java.base/java.lang.reflect.Method.invoke(Method.java:567)
at org.testng.internal.MethodInvocationHelper.invokeMethod(MethodInvocationHelper.java:124)
at org.testng.internal.Invoker.invokeMethod(Invoker.java:583)
at org.testng.internal.Invoker.invokeTestMethod(Invoker.java:719)
at org.testng.internal.Invoker.invokeTestMethods(Invoker.java:989)
at org.testng.internal.TestMethodWorker.invokeTestMethods(TestMethodWorker.java:125)
at org.testng.internal.TestMethodWorker.run(TestMethodWorker.java:109)
at org.testng.TestRunner.privateRun(TestRunner.java:648)
at org.testng.TestRunner.run(TestRunner.java:505)
at org.testng.SuiteRunner.runTest(SuiteRunner.java:455)
at org.testng.SuiteRunner.runSequentially(SuiteRunner.java:450)
at org.testng.SuiteRunner.privateRun(SuiteRunner.java:415)
at org.testng.SuiteRunner.run(SuiteRunner.java:364)
at org.testng.SuiteRunnerWorker.runSuite(SuiteRunnerWorker.java:52)
at org.testng.SuiteRunnerWorker.run(SuiteRunnerWorker.java:84)
at org.testng.TestNG.runSuitesSequentially(TestNG.java:1208)
at org.testng.TestNG.runSuitesLocally(TestNG.java:1137)
at org.testng.TestNG.runSuites(TestNG.java:1049)
at org.testng.TestNG.run(TestNG.java:1017)
at org.testng.remote.AbstractRemoteTestNG.run(AbstractRemoteTestNG.java:115)
at org.testng.remote.RemoteTestNG.initAndRun(RemoteTestNG.java:251)
at org.testng.remote.RemoteTestNG.main(RemoteTestNG.java:77)
]]>
            </full-stacktrace>
          </exception> <!-- java.io.FileNotFoundException -->
          <reporter-output>
          </reporter-output>
        </test-method> <!-- verifyinvalidcredential -->
        <test-method is-config="true" signature="closeapplication()[pri:0, instance:com.facebook.www.scripts.VerifyErrorMsg@19d37183]" started-at="2019-09-01T00:12:35Z" name="closeapplication" finished-at="2019-09-01T00:12:35Z" duration-ms="123" status="PASS">
          <reporter-output>
          </reporter-output>
        </test-method> <!-- closeapplication -->
      </class> <!-- com.facebook.www.scripts.VerifyErrorMsg -->
    </test> <!-- Default test -->
  </suite> <!-- Default suite -->
</testng-results>
